2019-04-03 12:31:01,258 INFO [org.springframework.context.support.ClassPathXmlApplicationContext] - Refreshing org.springframework.context.support.ClassPathXmlApplicationContext@e2144e4: startup date [Wed Apr 03 12:31:01 IST 2019]; root of context hierarchy
2019-04-03 12:31:01,367 INFO [org.springframework.beans.factory.xml.XmlBeanDefinitionReader] - Loading XML bean definitions from class path resource [context.xml]
2019-04-03 12:32:29,057 INFO [org.springframework.context.support.ClassPathXmlApplicationContext] - Refreshing org.springframework.context.support.ClassPathXmlApplicationContext@e2144e4: startup date [Wed Apr 03 12:32:29 IST 2019]; root of context hierarchy
2019-04-03 12:32:29,151 INFO [org.springframework.beans.factory.xml.XmlBeanDefinitionReader] - Loading XML bean definitions from class path resource [context.xml]
2019-04-03 12:36:27,007 INFO [org.springframework.context.support.ClassPathXmlApplicationContext] - Refreshing org.springframework.context.support.ClassPathXmlApplicationContext@e2144e4: startup date [Wed Apr 03 12:36:26 IST 2019]; root of context hierarchy
2019-04-03 12:36:27,085 INFO [org.springframework.beans.factory.xml.XmlBeanDefinitionReader] - Loading XML bean definitions from class path resource [resource/context.xml]
2019-04-03 12:36:40,076 INFO [org.springframework.context.support.ClassPathXmlApplicationContext] - Refreshing org.springframework.context.support.ClassPathXmlApplicationContext@e2144e4: startup date [Wed Apr 03 12:36:40 IST 2019]; root of context hierarchy
2019-04-03 12:36:40,169 INFO [org.springframework.beans.factory.xml.XmlBeanDefinitionReader] - Loading XML bean definitions from class path resource [resource/context.xml]
2019-04-03 12:37:03,968 INFO [org.springframework.context.support.ClassPathXmlApplicationContext] - Refreshing org.springframework.context.support.ClassPathXmlApplicationContext@e2144e4: startup date [Wed Apr 03 12:37:03 IST 2019]; root of context hierarchy
2019-04-03 12:37:04,046 INFO [org.springframework.beans.factory.xml.XmlBeanDefinitionReader] - Loading XML bean definitions from class path resource [context.xml]
2019-04-03 12:52:36,686 INFO [org.springframework.context.support.ClassPathXmlApplicationContext] - Refreshing org.springframework.context.support.ClassPathXmlApplicationContext@e2144e4: startup date [Wed Apr 03 12:52:36 IST 2019]; root of context hierarchy
2019-04-03 12:52:36,780 INFO [org.springframework.beans.factory.xml.XmlBeanDefinitionReader] - Loading XML bean definitions from class path resource [context.xml]
2019-04-03 12:55:45,704 INFO [org.springframework.context.support.ClassPathXmlApplicationContext] - Refreshing org.springframework.context.support.ClassPathXmlApplicationContext@e2144e4: startup date [Wed Apr 03 12:55:45 IST 2019]; root of context hierarchy
2019-04-03 12:55:45,782 INFO [org.springframework.beans.factory.xml.XmlBeanDefinitionReader] - Loading XML bean definitions from class path resource [context.xml]
2019-04-03 13:11:57,424 INFO [org.springframework.context.support.ClassPathXmlApplicationContext] - Refreshing org.springframework.context.support.ClassPathXmlApplicationContext@e2144e4: startup date [Wed Apr 03 13:11:57 IST 2019]; root of context hierarchy
2019-04-03 13:11:57,502 INFO [org.springframework.beans.factory.xml.XmlBeanDefinitionReader] - Loading XML bean definitions from class path resource [context.xml]
2019-04-03 13:13:37,492 INFO [org.springframework.context.support.ClassPathXmlApplicationContext] - Refreshing org.springframework.context.support.ClassPathXmlApplicationContext@e2144e4: startup date [Wed Apr 03 13:13:37 IST 2019]; root of context hierarchy
2019-04-03 13:13:37,586 INFO [org.springframework.beans.factory.xml.XmlBeanDefinitionReader] - Loading XML bean definitions from class path resource [context.xml]
2019-04-03 13:19:03,661 INFO [org.springframework.context.support.ClassPathXmlApplicationContext] - Refreshing org.springframework.context.support.ClassPathXmlApplicationContext@e2144e4: startup date [Wed Apr 03 13:19:03 IST 2019]; root of context hierarchy
2019-04-03 13:19:03,739 INFO [org.springframework.beans.factory.xml.XmlBeanDefinitionReader] - Loading XML bean definitions from class path resource [context.xml]
2019-04-03 13:28:17,550 INFO [org.springframework.context.support.ClassPathXmlApplicationContext] - Refreshing org.springframework.context.support.ClassPathXmlApplicationContext@e2144e4: startup date [Wed Apr 03 13:28:17 IST 2019]; root of context hierarchy
2019-04-03 13:28:17,644 INFO [org.springframework.beans.factory.xml.XmlBeanDefinitionReader] - Loading XML bean definitions from class path resource [context.xml]
2019-04-03 13:40:23,089 INFO [org.springframework.context.support.ClassPathXmlApplicationContext] - Refreshing org.springframework.context.support.ClassPathXmlApplicationContext@e2144e4: startup date [Wed Apr 03 13:40:23 IST 2019]; root of context hierarchy
2019-04-03 13:40:23,183 INFO [org.springframework.beans.factory.xml.XmlBeanDefinitionReader] - Loading XML bean definitions from class path resource [context.xml]
2019-04-03 13:44:44,454 INFO [org.springframework.context.support.ClassPathXmlApplicationContext] - Refreshing org.springframework.context.support.ClassPathXmlApplicationContext@e2144e4: startup date [Wed Apr 03 13:44:44 IST 2019]; root of context hierarchy
2019-04-03 13:44:44,529 INFO [org.springframework.beans.factory.xml.XmlBeanDefinitionReader] - Loading XML bean definitions from class path resource [context.xml]
2019-04-03 13:53:00,275 INFO [org.springframework.context.support.ClassPathXmlApplicationContext] - Refreshing org.springframework.context.support.ClassPathXmlApplicationContext@e2144e4: startup date [Wed Apr 03 13:53:00 IST 2019]; root of context hierarchy
2019-04-03 13:53:00,353 INFO [org.springframework.beans.factory.xml.XmlBeanDefinitionReader] - Loading XML bean definitions from class path resource [context.xml]
2019-04-03 15:43:50,368 INFO [org.springframework.context.support.ClassPathXmlApplicationContext] - Refreshing org.springframework.context.support.ClassPathXmlApplicationContext@e2144e4: startup date [Wed Apr 03 15:43:50 IST 2019]; root of context hierarchy
2019-04-03 15:43:50,446 INFO [org.springframework.beans.factory.xml.XmlBeanDefinitionReader] - Loading XML bean definitions from class path resource [autowire.xml]
2019-04-03 15:44:41,121 INFO [org.springframework.context.support.ClassPathXmlApplicationContext] - Refreshing org.springframework.context.support.ClassPathXmlApplicationContext@e2144e4: startup date [Wed Apr 03 15:44:41 IST 2019]; root of context hierarchy
2019-04-03 15:44:41,214 INFO [org.springframework.beans.factory.xml.XmlBeanDefinitionReader] - Loading XML bean definitions from class path resource [autowire.xml]
2019-04-03 15:55:24,806 INFO [org.springframework.context.support.ClassPathXmlApplicationContext] - Refreshing org.springframework.context.support.ClassPathXmlApplicationContext@e2144e4: startup date [Wed Apr 03 15:55:24 IST 2019]; root of context hierarchy
2019-04-03 15:55:24,869 INFO [org.springframework.beans.factory.xml.XmlBeanDefinitionReader] - Loading XML bean definitions from class path resource [autowire.xml]
2019-04-03 15:55:56,414 INFO [org.springframework.context.support.ClassPathXmlApplicationContext] - Refreshing org.springframework.context.support.ClassPathXmlApplicationContext@e2144e4: startup date [Wed Apr 03 15:55:56 IST 2019]; root of context hierarchy
2019-04-03 15:55:56,508 INFO [org.springframework.beans.factory.xml.XmlBeanDefinitionReader] - Loading XML bean definitions from class path resource [autowire.xml]
2019-04-03 15:58:05,420 INFO [org.springframework.context.support.ClassPathXmlApplicationContext] - Refreshing org.springframework.context.support.ClassPathXmlApplicationContext@e2144e4: startup date [Wed Apr 03 15:58:05 IST 2019]; root of context hierarchy
2019-04-03 15:58:05,498 INFO [org.springframework.beans.factory.xml.XmlBeanDefinitionReader] - Loading XML bean definitions from class path resource [autowire.xml]
2019-04-03 15:58:50,624 INFO [org.springframework.context.support.ClassPathXmlApplicationContext] - Refreshing org.springframework.context.support.ClassPathXmlApplicationContext@e2144e4: startup date [Wed Apr 03 15:58:50 IST 2019]; root of context hierarchy
2019-04-03 15:58:50,686 INFO [org.springframework.beans.factory.xml.XmlBeanDefinitionReader] - Loading XML bean definitions from class path resource [autowire.xml]
2019-04-03 16:52:51,237 INFO [org.springframework.context.support.ClassPathXmlApplicationContext] - Refreshing org.springframework.context.support.ClassPathXmlApplicationContext@e2144e4: startup date [Wed Apr 03 16:52:51 IST 2019]; root of context hierarchy
2019-04-03 16:52:51,330 INFO [org.springframework.beans.factory.xml.XmlBeanDefinitionReader] - Loading XML bean definitions from class path resource [autowire.xml]
2019-04-03 16:56:46,615 INFO [org.springframework.context.support.ClassPathXmlApplicationContext] - Refreshing org.springframework.context.support.ClassPathXmlApplicationContext@e2144e4: startup date [Wed Apr 03 16:56:46 IST 2019]; root of context hierarchy
2019-04-03 16:56:46,708 INFO [org.springframework.beans.factory.xml.XmlBeanDefinitionReader] - Loading XML bean definitions from class path resource [autowire.xml]
2019-04-03 16:58:08,483 INFO [org.springframework.context.support.ClassPathXmlApplicationContext] - Refreshing org.springframework.context.support.ClassPathXmlApplicationContext@e2144e4: startup date [Wed Apr 03 16:58:08 IST 2019]; root of context hierarchy
2019-04-03 16:58:08,561 INFO [org.springframework.beans.factory.xml.XmlBeanDefinitionReader] - Loading XML bean definitions from class path resource [autowire.xml]
2019-04-03 16:58:19,437 INFO [org.springframework.context.support.ClassPathXmlApplicationContext] - Refreshing org.springframework.context.support.ClassPathXmlApplicationContext@e2144e4: startup date [Wed Apr 03 16:58:19 IST 2019]; root of context hierarchy
2019-04-03 16:58:19,516 INFO [org.springframework.beans.factory.xml.XmlBeanDefinitionReader] - Loading XML bean definitions from class path resource [autowire.xml]
2019-04-03 16:59:56,953 INFO [org.springframework.context.support.ClassPathXmlApplicationContext] - Refreshing org.springframework.context.support.ClassPathXmlApplicationContext@e2144e4: startup date [Wed Apr 03 16:59:56 IST 2019]; root of context hierarchy
2019-04-03 16:59:57,031 INFO [org.springframework.beans.factory.xml.XmlBeanDefinitionReader] - Loading XML bean definitions from class path resource [autowire.xml]
2019-04-03 17:07:15,087 INFO [org.springframework.context.support.ClassPathXmlApplicationContext] - Refreshing org.springframework.context.support.ClassPathXmlApplicationContext@e2144e4: startup date [Wed Apr 03 17:07:15 IST 2019]; root of context hierarchy
2019-04-03 17:07:15,150 INFO [org.springframework.beans.factory.xml.XmlBeanDefinitionReader] - Loading XML bean definitions from class path resource [autowire.xml]
2019-04-03 17:07:41,462 INFO [org.springframework.context.support.ClassPathXmlApplicationContext] - Refreshing org.springframework.context.support.ClassPathXmlApplicationContext@e2144e4: startup date [Wed Apr 03 17:07:41 IST 2019]; root of context hierarchy
2019-04-03 17:07:41,587 INFO [org.springframework.beans.factory.xml.XmlBeanDefinitionReader] - Loading XML bean definitions from class path resource [autowire.xml]
2019-04-03 17:08:12,341 INFO [org.springframework.context.support.ClassPathXmlApplicationContext] - Refreshing org.springframework.context.support.ClassPathXmlApplicationContext@e2144e4: startup date [Wed Apr 03 17:08:12 IST 2019]; root of context hierarchy
2019-04-03 17:08:12,419 INFO [org.springframework.beans.factory.xml.XmlBeanDefinitionReader] - Loading XML bean definitions from class path resource [autowire.xml]
2019-04-03 17:34:21,755 INFO [org.springframework.context.annotation.AnnotationConfigApplicationContext] - Refreshing org.springframework.context.annotation.AnnotationConfigApplicationContext@27f8302d: startup date [Wed Apr 03 17:34:21 IST 2019]; root of context hierarchy
2019-04-03 17:34:29,265 INFO [org.springframework.context.annotation.AnnotationConfigApplicationContext] - Refreshing org.springframework.context.annotation.AnnotationConfigApplicationContext@27f8302d: startup date [Wed Apr 03 17:34:29 IST 2019]; root of context hierarchy
2019-04-03 17:35:11,278 INFO [org.springframework.context.annotation.AnnotationConfigApplicationContext] - Refreshing org.springframework.context.annotation.AnnotationConfigApplicationContext@27f8302d: startup date [Wed Apr 03 17:35:11 IST 2019]; root of context hierarchy
2019-04-03 17:35:28,520 INFO [org.springframework.context.annotation.AnnotationConfigApplicationContext] - Refreshing org.springframework.context.annotation.AnnotationConfigApplicationContext@27f8302d: startup date [Wed Apr 03 17:35:28 IST 2019]; root of context hierarchy
