2019-04-03 12:31:01,258 INFO [org.springframework.context.support.ClassPathXmlApplicationContext] - Refreshing org.springframework.context.support.ClassPathXmlApplicationContext@e2144e4: startup date [Wed Apr 03 12:31:01 IST 2019]; root of context hierarchy
2019-04-03 12:31:01,367 INFO [org.springframework.beans.factory.xml.XmlBeanDefinitionReader] - Loading XML bean definitions from class path resource [context.xml]
2019-04-03 12:32:29,057 INFO [org.springframework.context.support.ClassPathXmlApplicationContext] - Refreshing org.springframework.context.support.ClassPathXmlApplicationContext@e2144e4: startup date [Wed Apr 03 12:32:29 IST 2019]; root of context hierarchy
2019-04-03 12:32:29,151 INFO [org.springframework.beans.factory.xml.XmlBeanDefinitionReader] - Loading XML bean definitions from class path resource [context.xml]
2019-04-03 12:36:27,007 INFO [org.springframework.context.support.ClassPathXmlApplicationContext] - Refreshing org.springframework.context.support.ClassPathXmlApplicationContext@e2144e4: startup date [Wed Apr 03 12:36:26 IST 2019]; root of context hierarchy
2019-04-03 12:36:27,085 INFO [org.springframework.beans.factory.xml.XmlBeanDefinitionReader] - Loading XML bean definitions from class path resource [resource/context.xml]
2019-04-03 12:36:40,076 INFO [org.springframework.context.support.ClassPathXmlApplicationContext] - Refreshing org.springframework.context.support.ClassPathXmlApplicationContext@e2144e4: startup date [Wed Apr 03 12:36:40 IST 2019]; root of context hierarchy
2019-04-03 12:36:40,169 INFO [org.springframework.beans.factory.xml.XmlBeanDefinitionReader] - Loading XML bean definitions from class path resource [resource/context.xml]
2019-04-03 12:37:03,968 INFO [org.springframework.context.support.ClassPathXmlApplicationContext] - Refreshing org.springframework.context.support.ClassPathXmlApplicationContext@e2144e4: startup date [Wed Apr 03 12:37:03 IST 2019]; root of context hierarchy
2019-04-03 12:37:04,046 INFO [org.springframework.beans.factory.xml.XmlBeanDefinitionReader] - Loading XML bean definitions from class path resource [context.xml]
2019-04-03 12:52:36,686 INFO [org.springframework.context.support.ClassPathXmlApplicationContext] - Refreshing org.springframework.context.support.ClassPathXmlApplicationContext@e2144e4: startup date [Wed Apr 03 12:52:36 IST 2019]; root of context hierarchy
2019-04-03 12:52:36,780 INFO [org.springframework.beans.factory.xml.XmlBeanDefinitionReader] - Loading XML bean definitions from class path resource [context.xml]
2019-04-03 12:55:45,704 INFO [org.springframework.context.support.ClassPathXmlApplicationContext] - Refreshing org.springframework.context.support.ClassPathXmlApplicationContext@e2144e4: startup date [Wed Apr 03 12:55:45 IST 2019]; root of context hierarchy
2019-04-03 12:55:45,782 INFO [org.springframework.beans.factory.xml.XmlBeanDefinitionReader] - Loading XML bean definitions from class path resource [context.xml]
2019-04-03 13:11:57,424 INFO [org.springframework.context.support.ClassPathXmlApplicationContext] - Refreshing org.springframework.context.support.ClassPathXmlApplicationContext@e2144e4: startup date [Wed Apr 03 13:11:57 IST 2019]; root of context hierarchy
2019-04-03 13:11:57,502 INFO [org.springframework.beans.factory.xml.XmlBeanDefinitionReader] - Loading XML bean definitions from class path resource [context.xml]
2019-04-03 13:13:37,492 INFO [org.springframework.context.support.ClassPathXmlApplicationContext] - Refreshing org.springframework.context.support.ClassPathXmlApplicationContext@e2144e4: startup date [Wed Apr 03 13:13:37 IST 2019]; root of context hierarchy
2019-04-03 13:13:37,586 INFO [org.springframework.beans.factory.xml.XmlBeanDefinitionReader] - Loading XML bean definitions from class path resource [context.xml]
2019-04-03 13:19:03,661 INFO [org.springframework.context.support.ClassPathXmlApplicationContext] - Refreshing org.springframework.context.support.ClassPathXmlApplicationContext@e2144e4: startup date [Wed Apr 03 13:19:03 IST 2019]; root of context hierarchy
2019-04-03 13:19:03,739 INFO [org.springframework.beans.factory.xml.XmlBeanDefinitionReader] - Loading XML bean definitions from class path resource [context.xml]
2019-04-03 13:28:17,550 INFO [org.springframework.context.support.ClassPathXmlApplicationContext] - Refreshing org.springframework.context.support.ClassPathXmlApplicationContext@e2144e4: startup date [Wed Apr 03 13:28:17 IST 2019]; root of context hierarchy
2019-04-03 13:28:17,644 INFO [org.springframework.beans.factory.xml.XmlBeanDefinitionReader] - Loading XML bean definitions from class path resource [context.xml]
2019-04-03 13:40:23,089 INFO [org.springframework.context.support.ClassPathXmlApplicationContext] - Refreshing org.springframework.context.support.ClassPathXmlApplicationContext@e2144e4: startup date [Wed Apr 03 13:40:23 IST 2019]; root of context hierarchy
2019-04-03 13:40:23,183 INFO [org.springframework.beans.factory.xml.XmlBeanDefinitionReader] - Loading XML bean definitions from class path resource [context.xml]
2019-04-03 13:44:44,454 INFO [org.springframework.context.support.ClassPathXmlApplicationContext] - Refreshing org.springframework.context.support.ClassPathXmlApplicationContext@e2144e4: startup date [Wed Apr 03 13:44:44 IST 2019]; root of context hierarchy
2019-04-03 13:44:44,529 INFO [org.springframework.beans.factory.xml.XmlBeanDefinitionReader] - Loading XML bean definitions from class path resource [context.xml]
2019-04-03 13:53:00,275 INFO [org.springframework.context.support.ClassPathXmlApplicationContext] - Refreshing org.springframework.context.support.ClassPathXmlApplicationContext@e2144e4: startup date [Wed Apr 03 13:53:00 IST 2019]; root of context hierarchy
2019-04-03 13:53:00,353 INFO [org.springframework.beans.factory.xml.XmlBeanDefinitionReader] - Loading XML bean definitions from class path resource [context.xml]
2019-04-04 15:12:37,340 INFO [org.springframework.context.support.ClassPathXmlApplicationContext] - Refreshing org.springframework.context.support.ClassPathXmlApplicationContext@e2144e4: startup date [Thu Apr 04 15:12:37 IST 2019]; root of context hierarchy
2019-04-04 15:12:37,453 INFO [org.springframework.beans.factory.xml.XmlBeanDefinitionReader] - Loading XML bean definitions from class path resource [context.xml]
2019-04-04 15:24:14,565 INFO [org.springframework.context.support.ClassPathXmlApplicationContext] - Refreshing org.springframework.context.support.ClassPathXmlApplicationContext@e2144e4: startup date [Thu Apr 04 15:24:14 IST 2019]; root of context hierarchy
2019-04-04 15:24:14,662 INFO [org.springframework.beans.factory.xml.XmlBeanDefinitionReader] - Loading XML bean definitions from class path resource [context.xml]
2019-04-04 15:25:03,220 INFO [org.springframework.context.support.ClassPathXmlApplicationContext] - Refreshing org.springframework.context.support.ClassPathXmlApplicationContext@e2144e4: startup date [Thu Apr 04 15:25:03 IST 2019]; root of context hierarchy
2019-04-04 15:25:03,401 INFO [org.springframework.beans.factory.xml.XmlBeanDefinitionReader] - Loading XML bean definitions from class path resource [context.xml]
2019-04-04 15:25:03,492 INFO [org.springframework.context.support.ClassPathXmlApplicationContext] - Refreshing org.springframework.context.support.ClassPathXmlApplicationContext@e2144e4: startup date [Thu Apr 04 15:25:03 IST 2019]; root of context hierarchy
2019-04-04 15:25:03,593 INFO [org.springframework.beans.factory.xml.XmlBeanDefinitionReader] - Loading XML bean definitions from class path resource [context.xml]
2019-04-04 15:25:04,084 WARN [org.springframework.beans.factory.annotation.AutowiredAnnotationBeanPostProcessor] - Autowired annotation should be used on methods with actual parameters: public double com.jpm.spring.currency.ExchangeServiceImpl.getExchangeRate()
2019-04-04 15:25:04,356 WARN [org.springframework.beans.factory.annotation.AutowiredAnnotationBeanPostProcessor] - Autowired annotation should be used on methods with actual parameters: public double com.jpm.spring.currency.ExchangeServiceImpl.getExchangeRate()
2019-04-04 15:26:19,062 INFO [org.springframework.context.support.ClassPathXmlApplicationContext] - Refreshing org.springframework.context.support.ClassPathXmlApplicationContext@e2144e4: startup date [Thu Apr 04 15:26:19 IST 2019]; root of context hierarchy
2019-04-04 15:26:19,109 INFO [org.springframework.context.support.ClassPathXmlApplicationContext] - Refreshing org.springframework.context.support.ClassPathXmlApplicationContext@e2144e4: startup date [Thu Apr 04 15:26:19 IST 2019]; root of context hierarchy
2019-04-04 15:26:19,194 INFO [org.springframework.beans.factory.xml.XmlBeanDefinitionReader] - Loading XML bean definitions from class path resource [context.xml]
2019-04-04 15:26:19,210 INFO [org.springframework.beans.factory.xml.XmlBeanDefinitionReader] - Loading XML bean definitions from class path resource [context.xml]
